0 info it worked if it ends with ok
1 verbose cli [ 'C:\\Program Files\\nodejs\\node.exe',
1 verbose cli   'C:\\Program Files\\nodejs\\node_modules\\npm\\bin\\npm-cli.js',
1 verbose cli   'run',
1 verbose cli   'relay' ]
2 info using npm@3.10.10
3 info using node@v6.10.0
4 verbose run-script [ 'prerelay', 'relay', 'postrelay' ]
5 info lifecycle sample@1.0.0~prerelay: sample@1.0.0
6 silly lifecycle sample@1.0.0~prerelay: no script for prerelay, continuing
7 info lifecycle sample@1.0.0~relay: sample@1.0.0
8 verbose lifecycle sample@1.0.0~relay: unsafe-perm in lifecycle true
9 verbose lifecycle sample@1.0.0~relay: PATH: C:\Program Files\nodejs\node_modules\npm\bin\node-gyp-bin;D:\dev\sample\node_modules\.bin;C:\Program Files\Docker\Docker\Resources\bin;C:\Windows\system32;C:\Windows;C:\Windows\System32\Wbem;C:\Windows\System32\WindowsPowerShell\v1.0\;C:\Program Files (x86)\NVIDIA Corporation\PhysX\Common;C:\WINDOWS\system32;C:\WINDOWS;C:\WINDOWS\System32\Wbem;C:\WINDOWS\System32\WindowsPowerShell\v1.0\;C:\Program Files\MongoDB\Server\3.4\bin;C:\Program Files\nodejs\;C:\wamp\bin\php\php5.6.25;C:\ProgramData\ComposerSetup\bin;C:\Program Files (x86)\Microsoft SQL Server\100\Tools\Binn\;C:\Program Files (x86)\Microsoft SQL Server\100\DTS\Binn\;C:\Program Files (x86)\Microsoft SQL Server\110\Tools\Binn\ManagementStudio\;C:\Program Files (x86)\Microsoft SQL Server\110\Tools\Binn\;C:\Program Files (x86)\Microsoft SQL Server\110\DTS\Binn\;C:\wamp\www\cake-fresh\Console\;D:\phantomjs\bin;D:\apps\watchman;D:\dev\scripts;C:\ProgramData\chocolatey\bin;C:\Program Files\Git\cmd;C:\Users\red\AppData\Local\Microsoft\WindowsApps;C:\Users\red\AppData\Roaming\npm;C:\Users\red\AppData\Roaming\Composer\vendor\bin;C:\Users\red\AppData\Local\atom\bin
10 verbose lifecycle sample@1.0.0~relay: CWD: D:\dev\sample
11 silly lifecycle sample@1.0.0~relay: Args: [ '/d /s /c',
11 silly lifecycle   'relay-compiler --src ./client/src/ --schema ./server/graphql/schema.graphql' ]
12 silly lifecycle sample@1.0.0~relay: Returned: code: 1  signal: null
13 info lifecycle sample@1.0.0~relay: Failed to exec relay script
14 verbose stack Error: sample@1.0.0 relay: `relay-compiler --src ./client/src/ --schema ./server/graphql/schema.graphql`
14 verbose stack Exit status 1
14 verbose stack     at EventEmitter.<anonymous> (C:\Program Files\nodejs\node_modules\npm\lib\utils\lifecycle.js:255:16)
14 verbose stack     at emitTwo (events.js:106:13)
14 verbose stack     at EventEmitter.emit (events.js:191:7)
14 verbose stack     at ChildProcess.<anonymous> (C:\Program Files\nodejs\node_modules\npm\lib\utils\spawn.js:40:14)
14 verbose stack     at emitTwo (events.js:106:13)
14 verbose stack     at ChildProcess.emit (events.js:191:7)
14 verbose stack     at maybeClose (internal/child_process.js:877:16)
14 verbose stack     at Process.ChildProcess._handle.onexit (internal/child_process.js:226:5)
15 verbose pkgid sample@1.0.0
16 verbose cwd D:\dev\sample
17 error Windows_NT 10.0.15063
18 error argv "C:\\Program Files\\nodejs\\node.exe" "C:\\Program Files\\nodejs\\node_modules\\npm\\bin\\npm-cli.js" "run" "relay"
19 error node v6.10.0
20 error npm  v3.10.10
21 error code ELIFECYCLE
22 error sample@1.0.0 relay: `relay-compiler --src ./client/src/ --schema ./server/graphql/schema.graphql`
22 error Exit status 1
23 error Failed at the sample@1.0.0 relay script 'relay-compiler --src ./client/src/ --schema ./server/graphql/schema.graphql'.
23 error Make sure you have the latest version of node.js and npm installed.
23 error If you do, this is most likely a problem with the sample package,
23 error not with npm itself.
23 error Tell the author that this fails on your system:
23 error     relay-compiler --src ./client/src/ --schema ./server/graphql/schema.graphql
23 error You can get information on how to open an issue for this project with:
23 error     npm bugs sample
23 error Or if that isn't available, you can get their info via:
23 error     npm owner ls sample
23 error There is likely additional logging output above.
24 verbose exit [ 1, true ]
